<?xml version="1.0" encoding="UTF-8"?>
<testsuite name="com.github.gumtreediff.test.TestPair" tests="1" skipped="0" failures="0" errors="0" timestamp="2017-08-07T03:13:26" hostname="MCL262830.local" time="0.0">
  <properties/>
  <testcase name="testEquals" classname="com.github.gumtreediff.test.TestPair" time="0.0"/>
  <system-out><![CDATA[]]></system-out>
  <system-err><![CDATA[]]></system-err>
</testsuite>
