<?xml version="1.0" encoding="UTF-8"?>
<testsuite name="com.github.gumtreediff.test.TestTree" tests="8" skipped="0" failures="0" errors="0" timestamp="2017-08-07T03:13:26" hostname="MCL262830.local" time="0.48">
  <properties/>
  <testcase name="testIdComparator" classname="com.github.gumtreediff.test.TestTree" time="0.007"/>
  <testcase name="testGetParents" classname="com.github.gumtreediff.test.TestTree" time="0.003"/>
  <testcase name="testDeepCopy" classname="com.github.gumtreediff.test.TestTree" time="0.004"/>
  <testcase name="testIsClone" classname="com.github.gumtreediff.test.TestTree" time="0.005"/>
  <testcase name="testIdComparator" classname="com.github.gumtreediff.test.TestTree" time="0.002"/>
  <testcase name="testGetParents" classname="com.github.gumtreediff.test.TestTree" time="0.002"/>
  <testcase name="testDeepCopy" classname="com.github.gumtreediff.test.TestTree" time="0.002"/>
  <testcase name="testIsClone" classname="com.github.gumtreediff.test.TestTree" time="0.003"/>
  <system-out><![CDATA[]]></system-out>
  <system-err><![CDATA[]]></system-err>
</testsuite>
