<?xml version="1.0" encoding="UTF-8"?>
<testsuite name="com.github.gumtreediff.test.TestZsMatcher" tests="4" skipped="0" failures="0" errors="0" timestamp="2017-08-07T03:13:26" hostname="MCL262830.local" time="0.381">
  <properties/>
  <testcase name="testWithCustomExample" classname="com.github.gumtreediff.test.TestZsMatcher" time="0.048"/>
  <testcase name="testWithSlideExample" classname="com.github.gumtreediff.test.TestZsMatcher" time="0.011"/>
  <testcase name="testWithCustomExample" classname="com.github.gumtreediff.test.TestZsMatcher" time="0.004"/>
  <testcase name="testWithSlideExample" classname="com.github.gumtreediff.test.TestZsMatcher" time="0.004"/>
  <system-out><![CDATA[]]></system-out>
  <system-err><![CDATA[]]></system-err>
</testsuite>
