<?xml version="1.0" encoding="UTF-8"?>
<testsuite name="com.github.gumtreediff.test.TestActionGenerator" tests="2" skipped="0" failures="0" errors="0" timestamp="2017-08-07T03:13:25" hostname="MCL262830.local" time="0.202">
  <properties/>
  <testcase name="testWithActionExample" classname="com.github.gumtreediff.test.TestActionGenerator" time="0.187"/>
  <testcase name="testWithZsCustomExample" classname="com.github.gumtreediff.test.TestActionGenerator" time="0.015"/>
  <system-out><![CDATA[[INS 0@@z
	0@@a
		0@@b
		0@@c
			0@@y
			1@@e
			0@@f
 to 0@@b at 0, MOV 0@@a
	0@@b
	0@@c
		0@@d
		0@@e
		0@@f
 to 0@@z at 0, UPD 0@@d from d to y, INS 			1@@e
 to 0@@c at 1, DEL 0@@e]
]]></system-out>
  <system-err><![CDATA[This method should currently not be used (please use toShortString())
]]></system-err>
</testsuite>
