<?xml version="1.0" encoding="UTF-8"?>
<testsuite name="com.github.gumtreediff.test.TestRtedMatcher" tests="2" skipped="0" failures="0" errors="0" timestamp="2017-08-07T03:13:26" hostname="MCL262830.local" time="0.25">
  <properties/>
  <testcase name="testRtedMatcher" classname="com.github.gumtreediff.test.TestRtedMatcher" time="0.022"/>
  <testcase name="testRtedMatcher" classname="com.github.gumtreediff.test.TestRtedMatcher" time="0.004"/>
  <system-out><![CDATA[]]></system-out>
  <system-err><![CDATA[]]></system-err>
</testsuite>
