<?xml version="1.0" encoding="UTF-8"?>
<testsuite name="com.github.gumtreediff.test.TestTreeIoUtils" tests="4" skipped="0" failures="0" errors="0" timestamp="2017-08-07T03:13:26" hostname="MCL262830.local" time="0.364">
  <properties/>
  <testcase name="testSerializeTree" classname="com.github.gumtreediff.test.TestTreeIoUtils" time="0.026"/>
  <testcase name="testLoadBigTree" classname="com.github.gumtreediff.test.TestTreeIoUtils" time="0.005"/>
  <testcase name="testSerializeTree" classname="com.github.gumtreediff.test.TestTreeIoUtils" time="0.003"/>
  <testcase name="testLoadBigTree" classname="com.github.gumtreediff.test.TestTreeIoUtils" time="0.002"/>
  <system-out><![CDATA[]]></system-out>
  <system-err><![CDATA[]]></system-err>
</testsuite>
