<?xml version="1.0" encoding="UTF-8"?>
<testsuite name="com.github.gumtreediff.test.TestHash" tests="2" skipped="0" failures="0" errors="0" timestamp="2017-08-07T03:13:26" hostname="MCL262830.local" time="0.123">
  <properties/>
  <testcase name="testRollingJavaHash" classname="com.github.gumtreediff.test.TestHash" time="0.005"/>
  <testcase name="testRollingJavaHash" classname="com.github.gumtreediff.test.TestHash" time="0.002"/>
  <system-out><![CDATA[]]></system-out>
  <system-err><![CDATA[]]></system-err>
</testsuite>
