<?xml version="1.0" encoding="UTF-8"?>
<testsuite name="com.github.gumtreediff.test.TestTreeUtils" tests="26" skipped="0" failures="0" errors="0" timestamp="2017-08-07T03:13:26" hostname="MCL262830.local" time="0.507">
  <properties/>
  <testcase name="testPostOrder" classname="com.github.gumtreediff.test.TestTreeUtils" time="0.003"/>
  <testcase name="testPreOrderList" classname="com.github.gumtreediff.test.TestTreeUtils" time="0.019"/>
  <testcase name="testBfs" classname="com.github.gumtreediff.test.TestTreeUtils" time="0.004"/>
  <testcase name="testDepth" classname="com.github.gumtreediff.test.TestTreeUtils" time="0.003"/>
  <testcase name="testBfs2" classname="com.github.gumtreediff.test.TestTreeUtils" time="0.003"/>
  <testcase name="testBfs3" classname="com.github.gumtreediff.test.TestTreeUtils" time="0.003"/>
  <testcase name="testBfsList" classname="com.github.gumtreediff.test.TestTreeUtils" time="0.02"/>
  <testcase name="testPostOrderNumbering" classname="com.github.gumtreediff.test.TestTreeUtils" time="0.018"/>
  <testcase name="testPreOrderNumbering" classname="com.github.gumtreediff.test.TestTreeUtils" time="0.006"/>
  <testcase name="testPostOrder2" classname="com.github.gumtreediff.test.TestTreeUtils" time="0.003"/>
  <testcase name="testPostOrder3" classname="com.github.gumtreediff.test.TestTreeUtils" time="0.005"/>
  <testcase name="testBreadthFirstNumbering" classname="com.github.gumtreediff.test.TestTreeUtils" time="0.006"/>
  <testcase name="testHeight" classname="com.github.gumtreediff.test.TestTreeUtils" time="0.002"/>
  <testcase name="testPostOrder" classname="com.github.gumtreediff.test.TestTreeUtils" time="0.002"/>
  <testcase name="testPreOrderList" classname="com.github.gumtreediff.test.TestTreeUtils" time="0.007"/>
  <testcase name="testBfs" classname="com.github.gumtreediff.test.TestTreeUtils" time="0.002"/>
  <testcase name="testDepth" classname="com.github.gumtreediff.test.TestTreeUtils" time="0.002"/>
  <testcase name="testBfs2" classname="com.github.gumtreediff.test.TestTreeUtils" time="0.002"/>
  <testcase name="testBfs3" classname="com.github.gumtreediff.test.TestTreeUtils" time="0.002"/>
  <testcase name="testBfsList" classname="com.github.gumtreediff.test.TestTreeUtils" time="0.007"/>
  <testcase name="testPostOrderNumbering" classname="com.github.gumtreediff.test.TestTreeUtils" time="0.002"/>
  <testcase name="testPreOrderNumbering" classname="com.github.gumtreediff.test.TestTreeUtils" time="0.002"/>
  <testcase name="testPostOrder2" classname="com.github.gumtreediff.test.TestTreeUtils" time="0.002"/>
  <testcase name="testPostOrder3" classname="com.github.gumtreediff.test.TestTreeUtils" time="0.002"/>
  <testcase name="testBreadthFirstNumbering" classname="com.github.gumtreediff.test.TestTreeUtils" time="0.002"/>
  <testcase name="testHeight" classname="com.github.gumtreediff.test.TestTreeUtils" time="0.002"/>
  <system-out><![CDATA[]]></system-out>
  <system-err><![CDATA[]]></system-err>
</testsuite>
