<?xml version="1.0" encoding="UTF-8"?>
<testsuite name="com.github.gumtreediff.test.TestMetadata" tests="7" skipped="0" failures="0" errors="0" timestamp="2017-08-07T03:13:26" hostname="MCL262830.local" time="0.176">
  <properties/>
  <testcase name="testExportInvalid1" classname="com.github.gumtreediff.test.TestMetadata" time="0.002"/>
  <testcase name="testExportInvalid2" classname="com.github.gumtreediff.test.TestMetadata" time="0.001"/>
  <testcase name="testPutNode" classname="com.github.gumtreediff.test.TestMetadata" time="0.001"/>
  <testcase name="testExportCustom" classname="com.github.gumtreediff.test.TestMetadata" time="0.167"/>
  <testcase name="testGlobalIterator" classname="com.github.gumtreediff.test.TestMetadata" time="0.001"/>
  <testcase name="testGlobalPutNode" classname="com.github.gumtreediff.test.TestMetadata" time="0.0"/>
  <testcase name="testLocalIterator" classname="com.github.gumtreediff.test.TestMetadata" time="0.0"/>
  <system-out><![CDATA[]]></system-out>
  <system-err><![CDATA[]]></system-err>
</testsuite>
